# JRE version: OpenJDK Runtime Environment (21.0.5) (build 21.0.5+-12932927-b750.29)
# Java VM: OpenJDK 64-Bit Server VM (21.0.5+-12932927-b750.29, mixed mode, tiered, compressed oops, compressed class ptrs, g1 gc, linux-amd64)
GC Precious Log:
 CardTable entry size: 512
 Card Set container configuration: InlinePtr #cards 5 size 8 Array Of Cards #cards 12 size 40 Howl #buckets 4 coarsen threshold 1843 Howl Bitmap #cards 512 size 80 coarsen threshold 460 Card regions per heap region 1 cards per card region 2048
 CPUs: 16 total, 16 available
 Memory: 31976M
 Large Page Support: Disabled
 NUMA Support: Disabled
 Compressed Oops: Enabled (32-bit)
 Heap Region Size: 1M
 Heap Min Capacity: 8M
 Heap Initial Capacity: 500M
 Heap Max Capacity: 2G
 Pre-touch: Disabled
 Parallel Workers: 13
 Concurrent Workers: 3
 Concurrent Refinement Workers: 13
 Periodic GC: Disabled
Heap:
 garbage-first heap   total 126976K, used 97663K [0x0000000080000000, 0x0000000100000000)
  region size 1024K, 62 young (63488K), 7 survivors (7168K)
 Metaspace       used 66928K, committed 68608K, reserved 1114112K
  class space    used 9152K, committed 9984K, reserved 1048576K
GC Heap History (20 events):
Event: 0.188 GC heap before
{Heap before GC invocations=0 (full 0):
 garbage-first heap   total 512000K, used 28672K [0x0000000080000000, 0x0000000100000000)
  region size 1024K, 25 young (25600K), 0 survivors (0K)
 Metaspace       used 8812K, committed 9024K, reserved 1114112K
  class space    used 806K, committed 896K, reserved 1048576K
}
Event: 0.193 GC heap after
{Heap after GC invocations=1 (full 0):
 garbage-first heap   total 512000K, used 10361K [0x0000000080000000, 0x0000000100000000)
  region size 1024K, 4 young (4096K), 4 survivors (4096K)
 Metaspace       used 8812K, committed 9024K, reserved 1114112K
  class space    used 806K, committed 896K, reserved 1048576K
}
Event: 0.354 GC heap before
{Heap before GC invocations=1 (full 0):
 garbage-first heap   total 512000K, used 42105K [0x0000000080000000, 0x0000000100000000)
  region size 1024K, 36 young (36864K), 4 survivors (4096K)
 Metaspace       used 12264K, committed 12480K, reserved 1114112K
  class space    used 1287K, committed 1408K, reserved 1048576K
}
Event: 0.357 GC heap after
{Heap after GC invocations=2 (full 0):
 garbage-first heap   total 512000K, used 11852K [0x0000000080000000, 0x0000000100000000)
  region size 1024K, 2 young (2048K), 2 survivors (2048K)
 Metaspace       used 12264K, committed 12480K, reserved 1114112K
  class space    used 1287K, committed 1408K, reserved 1048576K
}
Event: 0.643 GC heap before
{Heap before GC invocations=2 (full 0):
 garbage-first heap   total 512000K, used 59980K [0x0000000080000000, 0x0000000100000000)
  region size 1024K, 48 young (49152K), 2 survivors (2048K)
 Metaspace       used 21202K, committed 21504K, reserved 1114112K
  class space    used 2434K, committed 2560K, reserved 1048576K
}
Event: 0.648 GC heap after
{Heap after GC invocations=3 (full 0):
 garbage-first heap   total 512000K, used 20025K [0x0000000080000000, 0x0000000100000000)
  region size 1024K, 9 young (9216K), 9 survivors (9216K)
 Metaspace       used 21202K, committed 21504K, reserved 1114112K
  class space    used 2434K, committed 2560K, reserved 1048576K
}
Event: 0.973 GC heap before
{Heap before GC invocations=4 (full 0):
 garbage-first heap   total 68608K, used 67129K [0x0000000080000000, 0x0000000100000000)
  region size 1024K, 56 young (57344K), 9 survivors (9216K)
 Metaspace       used 28823K, committed 29440K, reserved 1114112K
  class space    used 3687K, committed 3968K, reserved 1048576K
}
Event: 0.977 GC heap after
{Heap after GC invocations=5 (full 0):
 garbage-first heap   total 80896K, used 23034K [0x0000000080000000, 0x0000000100000000)
  region size 1024K, 12 young (12288K), 12 survivors (12288K)
 Metaspace       used 28823K, committed 29440K, reserved 1114112K
  class space    used 3687K, committed 3968K, reserved 1048576K
}
Event: 1.196 GC heap before
{Heap before GC invocations=5 (full 0):
 garbage-first heap   total 80896K, used 58874K [0x0000000080000000, 0x0000000100000000)
  region size 1024K, 47 young (48128K), 12 survivors (12288K)
 Metaspace       used 33391K, committed 34176K, reserved 1114112K
  class space    used 4465K, committed 4864K, reserved 1048576K
}
Event: 1.199 GC heap after
{Heap after GC invocations=6 (full 0):
 garbage-first heap   total 80896K, used 25634K [0x0000000080000000, 0x0000000100000000)
  region size 1024K, 6 young (6144K), 6 survivors (6144K)
 Metaspace       used 33391K, committed 34176K, reserved 1114112K
  class space    used 4465K, committed 4864K, reserved 1048576K
}
Event: 1.274 GC heap before
{Heap before GC invocations=6 (full 0):
 garbage-first heap   total 80896K, used 38946K [0x0000000080000000, 0x0000000100000000)
  region size 1024K, 20 young (20480K), 6 survivors (6144K)
 Metaspace       used 35185K, committed 35968K, reserved 1114112K
  class space    used 4753K, committed 5120K, reserved 1048576K
}
Event: 1.276 GC heap after
{Heap after GC invocations=7 (full 0):
 garbage-first heap   total 80896K, used 26128K [0x0000000080000000, 0x0000000100000000)
  region size 1024K, 4 young (4096K), 4 survivors (4096K)
 Metaspace       used 35185K, committed 35968K, reserved 1114112K
  class space    used 4753K, committed 5120K, reserved 1048576K
}
Event: 1.486 GC heap before
{Heap before GC invocations=8 (full 0):
 garbage-first heap   total 80896K, used 64016K [0x0000000080000000, 0x0000000100000000)
  region size 1024K, 42 young (43008K), 4 survivors (4096K)
 Metaspace       used 40458K, committed 41728K, reserved 1114112K
  class space    used 5588K, committed 6208K, reserved 1048576K
}
Event: 1.489 GC heap after
{Heap after GC invocations=9 (full 0):
 garbage-first heap   total 296960K, used 28025K [0x0000000080000000, 0x0000000100000000)
  region size 1024K, 6 young (6144K), 6 survivors (6144K)
 Metaspace       used 40458K, committed 41728K, reserved 1114112K
  class space    used 5588K, committed 6208K, reserved 1048576K
}
Event: 2.276 GC heap before
{Heap before GC invocations=9 (full 0):
 garbage-first heap   total 296960K, used 165241K [0x0000000080000000, 0x0000000100000000)
  region size 1024K, 140 young (143360K), 6 survivors (6144K)
 Metaspace       used 58804K, committed 60288K, reserved 1114112K
  class space    used 7989K, committed 8768K, reserved 1048576K
}
Event: 2.287 GC heap after
{Heap after GC invocations=10 (full 0):
 garbage-first heap   total 296960K, used 37521K [0x0000000080000000, 0x0000000100000000)
  region size 1024K, 15 young (15360K), 15 survivors (15360K)
 Metaspace       used 58804K, committed 60288K, reserved 1114112K
  class space    used 7989K, committed 8768K, reserved 1048576K
}
Event: 2.295 GC heap before
{Heap before GC invocations=10 (full 0):
 garbage-first heap   total 296960K, used 38545K [0x0000000080000000, 0x0000000100000000)
  region size 1024K, 17 young (17408K), 15 survivors (15360K)
 Metaspace       used 59127K, committed 60608K, reserved 1114112K
  class space    used 8061K, committed 8832K, reserved 1048576K
}
Event: 2.299 GC heap after
{Heap after GC invocations=11 (full 0):
 garbage-first heap   total 296960K, used 37456K [0x0000000080000000, 0x0000000100000000)
  region size 1024K, 10 young (10240K), 10 survivors (10240K)
 Metaspace       used 59127K, committed 60608K, reserved 1114112K
  class space    used 8061K, committed 8832K, reserved 1048576K
}
Event: 2.785 GC heap before
{Heap before GC invocations=12 (full 0):
 garbage-first heap   total 126976K, used 102992K [0x0000000080000000, 0x0000000100000000)
  region size 1024K, 74 young (75776K), 10 survivors (10240K)
 Metaspace       used 65838K, committed 67520K, reserved 1114112K
  class space    used 9020K, committed 9856K, reserved 1048576K
}
Event: 2.788 GC heap after
{Heap after GC invocations=13 (full 0):
 garbage-first heap   total 126976K, used 43391K [0x0000000080000000, 0x0000000100000000)
  region size 1024K, 7 young (7168K), 7 survivors (7168K)
 Metaspace       used 65838K, committed 67520K, reserved 1114112K
  class space    used 9020K, committed 9856K, reserved 1048576K
}

